# ELBREAD: Elaboration process.
# ELBREAD: Elaboration time 0.1 [s].
asim -O5 +access +r +m+FIFOcontrol FIFOcontrol arhi
# ELBREAD: Elaboration process.
# ELBREAD: Elaboration time 0.0 [s].
# VSIM: Stack memory: 32MB
# VSIM: Retval memory: 32MB
# 
# KERNEL: Main thread initiated.
# KERNEL: Kernel process initialization phase.
# ELAB2: Elaboration final pass...
# ELAB2: Create instances ...
# KERNEL: Time resolution set to 1ps.
# ELAB2: Create instances complete.
# SLP: Started
# SLP: Elaboration phase ...
# SLP: Elaboration phase ... skipped, nothing to simulate in SLP mode : 0.0 [s]
# SLP: Finished : 0.0 [s]
# ELAB2: Elaboration final pass complete - time: 0.0 [s].
# KERNEL: Warning: You are using the Active-HDL Student Edition. The performance of simulation is running at a reduced rate.
# KERNEL: Warning: Contact Aldec for available upgrade options - sales@aldec.com.
# KERNEL: Kernel process initialization done.
# Allocation: Simulator allocated 6044 kB (elbread=1280 elab2=4627 kernel=137 sdf=0)
# KERNEL: ASDB file was created in location D:\Proiect\FIFOcontrol\FIFOcontrol\src\wave.asdb
#  9:16 PM, Tuesday, June 2, 2020
#  Simulation has been initialized
# add wave -noreg {/FIFOcontrol/CE_WR}
# 1 signal(s) traced.
# Waveform file 'untitled.awc' connected to 'D:/Proiect/FIFOcontrol/FIFOcontrol/src/wave.asdb'.
# add wave -noreg {/FIFOcontrol/CE_RD}
# 1 signal(s) traced.
run
# KERNEL: Simulation has finished. There are no more test vectors to simulate.
run
# KERNEL: Simulation has finished. There are no more test vectors to simulate.
run
# KERNEL: Simulation has finished. There are no more test vectors to simulate.
run
# KERNEL: Simulation has finished. There are no more test vectors to simulate.
# Warning: Files: 'D:/Proiect/FIFOcontrol/FIFOcontrol/src/untitled.awc' and 'D:/Proiect/FIFOcontrol/FIFOcontrol/src/untitled.asdb' already exist
# Waveform file 'D:/Proiect/FIFOcontrol/FIFOcontrol/src/untitled.awc' connected to 'D:/Proiect/FIFOcontrol/FIFOcontrol/src/untitled.asdb'.
# Adding file D:\Proiect\FIFOcontrol\FIFOcontrol\src\untitled.asdb ... Done
# Adding file D:\Proiect\FIFOcontrol\FIFOcontrol\src\untitled.awc ... Done
