Active-HDL 11.1.262.7351 2020-05-22 21:56:39

Elaboration top modules:
Architecture                  ARHC4UD(C4UD)


-----------------------------------------------------------------------------------------
Entity   | Architecture | Library | Info | Compiler Version        | Compilation Options
-----------------------------------------------------------------------------------------
C4UD     | ARHC4UD      | C4UD    |      | 11.1.262.7351 (Windows) | -O3
-----------------------------------------------------------------------------------------

-----------------------------------------------------------------------------------------
VHDL Package            | Library | Info | Compiler Version        | Compilation Options
-----------------------------------------------------------------------------------------
standard                | std     |      |                         | <unavailable>
TEXTIO                  | std     |      |                         | <unavailable>
std_logic_1164          | ieee    |      |                         | <unavailable>
std_logic_arith         | ieee    |      |                         | <unavailable>
STD_LOGIC_UNSIGNED      | ieee    |      |                         | <unavailable>
-----------------------------------------------------------------------------------------

-----------------------------------------------------------------------------------------
Library                 | Comment
-----------------------------------------------------------------------------------------
C4UD                    | None
ieee                    | Standard IEEE packages library
std                     | Standard VHDL library
-----------------------------------------------------------------------------------------


Simulation Options: asim -O5 +access +r +m+C4UD C4UD ARHC4UD


The performance of simulation is reduced. Version Student Edition
