Active-HDL 11.1.262.7351 2020-06-02 21:16:29

Elaboration top modules:
Architecture                  arhi(FIFOcontrol)


------------------------------------------------------------------------------------------------
Entity      | Architecture | Library     | Info | Compiler Version        | Compilation Options
------------------------------------------------------------------------------------------------
FIFOcontrol | arhi         | fifocontrol |      | 11.1.262.7351 (Windows) | -O3
------------------------------------------------------------------------------------------------

------------------------------------------------------------------------------------------------
VHDL Package               | Library     | Info | Compiler Version        | Compilation Options
------------------------------------------------------------------------------------------------
standard                   | std         |      |                         | <unavailable>
TEXTIO                     | std         |      |                         | <unavailable>
std_logic_1164             | ieee        |      |                         | <unavailable>
std_logic_arith            | ieee        |      |                         | <unavailable>
STD_LOGIC_UNSIGNED         | ieee        |      |                         | <unavailable>
------------------------------------------------------------------------------------------------

------------------------------------------------------------------------------------------------
Library                    | Comment
------------------------------------------------------------------------------------------------
fifocontrol                | None
ieee                       | Standard IEEE packages library
std                        | Standard VHDL library
------------------------------------------------------------------------------------------------


Simulation Options: asim -O5 +access +r +m+FIFOcontrol FIFOcontrol arhi


The performance of simulation is reduced. Version Student Edition
